[2025-08-19 15:22:33.700625] :: args: G:\git_dump\IBKRTestDev\web scraper\scrape_yahoo_finance_options_chain_prices.py
[2025-08-19 15:22:33.700778] :: path: G:\git_dump\IBKRTestDev\web scraper\scrape_yahoo_finance_options_chain_prices.py
[2025-08-19 15:22:33.700878] :: directory: G:\git_dump\IBKRTestDev\web scraper
[2025-08-19 15:22:33.700993] :: cwd: G:\git_dump\IBKRTestDev\web scraper
[2025-08-19 15:22:34.759656] :: navigating to: https://ca.finance.yahoo.com/quote/NVDA/options/?date=1755820800&straddle=true
[2025-08-19 15:22:35.393316] :: title: NVIDIA Corporation (NVDA) Options Chain - Yahoo Finance
[2025-08-19 15:22:35.395660] :: current_url: https://ca.finance.yahoo.com/quote/NVDA/options/?date=1755820800&straddle=true
[2025-08-19 15:22:43.680860] :: tag_name: div text: Aug 22, 2025
[2025-08-19 15:22:43.865175] :: tag_name: div text: Aug 22, 2025
[2025-08-19 15:22:43.903658] :: tag_name: div text: Aug 29, 2025
[2025-08-19 15:22:43.954774] :: tag_name: div text: Sep 5, 2025
[2025-08-19 15:22:43.983158] :: tag_name: div text: Sep 12, 2025
[2025-08-19 15:22:44.016380] :: tag_name: div text: Sep 19, 2025
[2025-08-19 15:22:44.040942] :: tag_name: div text: Sep 26, 2025
[2025-08-19 15:22:44.061048] :: tag_name: div text: Oct 17, 2025
[2025-08-19 15:22:44.098098] :: tag_name: div text: Nov 21, 2025
[2025-08-19 15:22:44.154749] :: tag_name: div text: Dec 19, 2025
[2025-08-19 15:22:45.969847] :: tag_name: div text: Jan 16, 2026
[2025-08-19 15:22:45.999824] :: tag_name: div text: Feb 20, 2026
[2025-08-19 15:22:46.023307] :: tag_name: div text: Mar 20, 2026
[2025-08-19 15:22:46.049423] :: tag_name: div text: May 15, 2026
[2025-08-19 15:22:46.105028] :: tag_name: div text: Jun 18, 2026
[2025-08-19 15:22:46.124673] :: tag_name: div text: Aug 21, 2026
[2025-08-19 15:22:46.289514] :: tag_name: div text: Sep 18, 2026
[2025-08-19 15:22:46.309911] :: tag_name: div text: Dec 18, 2026
[2025-08-19 15:22:46.334020] :: tag_name: div text: Jan 15, 2027
[2025-08-19 15:22:46.354924] :: tag_name: div text: Jun 17, 2027
[2025-08-19 15:22:46.389094] :: tag_name: div text: Dec 17, 2027
[2025-08-19 15:22:46.404183] :: expirydate: Aug 22, 2025
[2025-08-19 15:22:46.404486] :: epochdate: 1755820800
[2025-08-19 15:22:51.350781] :: rows: 66
[2025-08-19 15:22:52.288098] :: expirydate: Aug 29, 2025
[2025-08-19 15:22:52.288519] :: epochdate: 1756425600
[2025-08-19 15:22:52.288875] :: navigating to: https://ca.finance.yahoo.com/quote/NVDA/options/?date=1756425600&straddle=true
[2025-08-19 15:22:53.448483] :: title: NVIDIA Corporation (NVDA) Options Chain - Yahoo Finance
[2025-08-19 15:22:53.472494] :: current_url: https://ca.finance.yahoo.com/quote/NVDA/options/?date=1756425600&straddle=true
[2025-08-19 15:23:00.426460] :: rows: 66
[2025-08-19 15:23:00.907934] :: expirydate: Sep 5, 2025
[2025-08-19 15:23:00.908201] :: epochdate: 1757030400
[2025-08-19 15:23:00.908469] :: navigating to: https://ca.finance.yahoo.com/quote/NVDA/options/?date=1757030400&straddle=true
[2025-08-19 15:23:00.916968] :: title: NVIDIA Corporation (NVDA) Options Chain - Yahoo Finance
[2025-08-19 15:23:01.457807] :: current_url: https://ca.finance.yahoo.com/quote/NVDA/options/?date=1757030400&straddle=true
[2025-08-19 15:23:06.825309] :: rows: 53
[2025-08-19 15:23:08.254801] :: expirydate: Sep 12, 2025
[2025-08-19 15:23:08.254974] :: epochdate: 1757635200
[2025-08-19 15:23:08.255069] :: navigating to: https://ca.finance.yahoo.com/quote/NVDA/options/?date=1757635200&straddle=true
[2025-08-19 15:23:08.269057] :: title: NVIDIA Corporation (NVDA) Options Chain - Yahoo Finance
[2025-08-19 15:23:09.219584] :: current_url: https://ca.finance.yahoo.com/quote/NVDA/options/?date=1757635200&straddle=true
[2025-08-19 15:23:14.536862] :: rows: 51
[2025-08-19 15:23:15.382636] :: expirydate: Sep 19, 2025
[2025-08-19 15:23:15.383050] :: epochdate: 1758240000
[2025-08-19 15:23:15.383360] :: navigating to: https://ca.finance.yahoo.com/quote/NVDA/options/?date=1758240000&straddle=true
[2025-08-19 15:23:16.015045] :: title: NVIDIA Corporation (NVDA) Options Chain - Yahoo Finance
[2025-08-19 15:23:16.100335] :: current_url: https://ca.finance.yahoo.com/quote/NVDA/options/?date=1758240000&straddle=true
[2025-08-19 15:23:38.458844] :: rows: 229
[2025-08-19 15:23:44.080664] :: expirydate: Sep 26, 2025
[2025-08-19 15:23:44.081031] :: epochdate: 1758844800
[2025-08-19 15:23:44.081232] :: navigating to: https://ca.finance.yahoo.com/quote/NVDA/options/?date=1758844800&straddle=true
[2025-08-19 15:23:44.612054] :: title: NVIDIA Corporation (NVDA) Options Chain - Yahoo Finance
[2025-08-19 15:23:44.719370] :: current_url: https://ca.finance.yahoo.com/quote/NVDA/options/?date=1758844800&straddle=true
[2025-08-19 15:23:51.005196] :: rows: 57
[2025-08-19 15:23:52.470776] :: expirydate: Oct 17, 2025
[2025-08-19 15:23:52.471706] :: epochdate: 1760659200
[2025-08-19 15:23:52.472812] :: navigating to: https://ca.finance.yahoo.com/quote/NVDA/options/?date=1760659200&straddle=true
[2025-08-19 15:23:52.987021] :: title: NVIDIA Corporation (NVDA) Options Chain - Yahoo Finance
[2025-08-19 15:23:53.055025] :: current_url: https://ca.finance.yahoo.com/quote/NVDA/options/?date=1760659200&straddle=true
[2025-08-19 15:23:59.808560] :: rows: 54
[2025-08-19 15:24:00.804630] :: expirydate: Nov 21, 2025
[2025-08-19 15:24:00.805706] :: epochdate: 1763683200
[2025-08-19 15:24:00.806201] :: navigating to: https://ca.finance.yahoo.com/quote/NVDA/options/?date=1763683200&straddle=true
[2025-08-19 15:24:01.419939] :: title: NVIDIA Corporation (NVDA) Options Chain - Yahoo Finance
[2025-08-19 15:24:01.470752] :: current_url: https://ca.finance.yahoo.com/quote/NVDA/options/?date=1763683200&straddle=true
[2025-08-19 15:24:07.247595] :: rows: 55
[2025-08-19 15:24:09.096587] :: expirydate: Dec 19, 2025
[2025-08-19 15:24:09.096757] :: epochdate: 1766102400
[2025-08-19 15:24:09.096818] :: navigating to: https://ca.finance.yahoo.com/quote/NVDA/options/?date=1766102400&straddle=true
[2025-08-19 15:24:09.901085] :: title: NVIDIA Corporation (NVDA) Options Chain - Yahoo Finance
[2025-08-19 15:24:09.988436] :: current_url: https://ca.finance.yahoo.com/quote/NVDA/options/?date=1766102400&straddle=true
[2025-08-19 15:24:59.254155] :: rows: 488
[2025-08-19 15:25:10.475333] :: expirydate: Jan 16, 2026
[2025-08-19 15:25:10.475560] :: epochdate: 1768521600
[2025-08-19 15:25:10.475658] :: navigating to: https://ca.finance.yahoo.com/quote/NVDA/options/?date=1768521600&straddle=true
[2025-08-19 15:25:10.490417] :: title: NVIDIA Corporation (NVDA) Options Chain - Yahoo Finance
[2025-08-19 15:25:11.276142] :: current_url: https://ca.finance.yahoo.com/quote/NVDA/options/?date=1768521600&straddle=true
[2025-08-19 15:25:39.605373] :: rows: 450
[2025-08-19 15:25:49.514986] :: expirydate: Feb 20, 2026
[2025-08-19 15:25:49.515633] :: epochdate: 1771545600
[2025-08-19 15:25:49.515878] :: navigating to: https://ca.finance.yahoo.com/quote/NVDA/options/?date=1771545600&straddle=true
[2025-08-19 15:25:50.085459] :: title: NVIDIA Corporation (NVDA) Options Chain - Yahoo Finance
[2025-08-19 15:25:50.358061] :: current_url: https://ca.finance.yahoo.com/quote/NVDA/options/?date=1771545600&straddle=true
[2025-08-19 15:25:55.231885] :: rows: 46
[2025-08-19 15:25:55.944007] :: expirydate: Mar 20, 2026
[2025-08-19 15:25:55.944290] :: epochdate: 1773964800
[2025-08-19 15:25:55.944425] :: navigating to: https://ca.finance.yahoo.com/quote/NVDA/options/?date=1773964800&straddle=true
[2025-08-19 15:25:56.560383] :: title: NVIDIA Corporation (NVDA) Options Chain - Yahoo Finance
[2025-08-19 15:25:56.833485] :: current_url: https://ca.finance.yahoo.com/quote/NVDA/options/?date=1773964800&straddle=true
[2025-08-19 15:26:02.196459] :: rows: 55
[2025-08-19 15:26:03.581512] :: expirydate: May 15, 2026
[2025-08-19 15:26:03.581695] :: epochdate: 1778803200
[2025-08-19 15:26:03.581808] :: navigating to: https://ca.finance.yahoo.com/quote/NVDA/options/?date=1778803200&straddle=true
[2025-08-19 15:26:04.075919] :: title: NVIDIA Corporation (NVDA) Options Chain - Yahoo Finance
[2025-08-19 15:26:04.295970] :: current_url: https://ca.finance.yahoo.com/quote/NVDA/options/?date=1778803200&straddle=true
[2025-08-19 15:26:10.078881] :: rows: 53
[2025-08-19 15:26:11.249741] :: expirydate: Jun 18, 2026
[2025-08-19 15:26:11.249906] :: epochdate: 1781740800
[2025-08-19 15:26:11.249976] :: navigating to: https://ca.finance.yahoo.com/quote/NVDA/options/?date=1781740800&straddle=true
