[2025-08-19 14:36:56.069044] :: args: C:\Users\ibkrtestdev\Documents\GitHub\IBKRTestDev\web scraper\scrape_yahoo_finance_options_chain_prices_.py
[2025-08-19 14:36:56.070206] :: path: C:\Users\ibkrtestdev\Documents\GitHub\IBKRTestDev\web scraper\scrape_yahoo_finance_options_chain_prices_.py
[2025-08-19 14:36:56.070508] :: directory: C:\Users\ibkrtestdev\Documents\GitHub\IBKRTestDev\web scraper
[2025-08-19 14:36:56.071295] :: cwd: C:\Users\ibkrtestdev\Documents\GitHub\IBKRTestDev\web scraper
[2025-08-19 14:36:59.221134] :: navigating to: https://ca.finance.yahoo.com/quote/NVDA/options/?date=1755820800&straddle=true
[2025-08-19 14:37:00.835642] :: title: NVIDIA Corporation (NVDA) Options Chain - Yahoo Finance
[2025-08-19 14:37:01.378411] :: current_url: https://ca.finance.yahoo.com/quote/NVDA/options/?date=1755820800&straddle=true
[2025-08-19 14:37:01.869982] :: navigating to: https://ca.finance.yahoo.com/quote/MSFT/options/?date=1755820800&straddle=true
[2025-08-19 14:37:02.781547] :: title: Microsoft Corporation (MSFT) Options Chain - Yahoo Finance
[2025-08-19 14:37:02.791266] :: current_url: https://ca.finance.yahoo.com/quote/MSFT/options/?date=1755820800&straddle=true
[2025-08-19 14:37:03.141444] :: navigating to: https://ca.finance.yahoo.com/quote/AAPL/options/?date=1755820800&straddle=true
[2025-08-19 14:37:03.814589] :: title: Apple Inc. (AAPL) Options Chain - Yahoo Finance
[2025-08-19 14:37:03.823647] :: current_url: https://ca.finance.yahoo.com/quote/AAPL/options/?date=1755820800&straddle=true
[2025-08-19 14:37:04.037793] :: navigating to: https://ca.finance.yahoo.com/quote/AMZN/options/?date=1755820800&straddle=true
[2025-08-19 14:37:04.986443] :: title: Amazon.com, Inc. (AMZN) Options Chain - Yahoo Finance
[2025-08-19 14:37:04.995394] :: current_url: https://ca.finance.yahoo.com/quote/AMZN/options/?date=1755820800&straddle=true
[2025-08-19 14:37:05.354483] :: navigating to: https://ca.finance.yahoo.com/quote/AVGO/options/?date=1755820800&straddle=true
[2025-08-19 14:37:06.207100] :: title: Broadcom Inc. (AVGO) Options Chain - Yahoo Finance
[2025-08-19 14:37:06.215044] :: current_url: https://ca.finance.yahoo.com/quote/AVGO/options/?date=1755820800&straddle=true
[2025-08-19 14:37:06.549659] :: navigating to: https://ca.finance.yahoo.com/quote/META/options/?date=1755820800&straddle=true
[2025-08-19 14:37:07.698558] :: title: Meta Platforms, Inc. (META) Options Chain - Yahoo Finance
[2025-08-19 14:37:07.705950] :: current_url: https://ca.finance.yahoo.com/quote/META/options/?date=1755820800&straddle=true
[2025-08-19 14:37:08.105679] :: navigating to: https://ca.finance.yahoo.com/quote/NFLX/options/?date=1755820800&straddle=true
[2025-08-19 14:37:09.483666] :: title: Netflix, Inc. (NFLX) Options Chain - Yahoo Finance
[2025-08-19 14:37:09.818593] :: current_url: https://ca.finance.yahoo.com/quote/NFLX/options/?date=1755820800&straddle=true
[2025-08-19 14:37:10.546455] :: navigating to: https://ca.finance.yahoo.com/quote/TSLA/options/?date=1755820800&straddle=true
