[2025-08-17 20:57:53.296769] :: args: G:\git_dump\marketdataops\web scraper\__OLD__scrape_yahoo_finance_options_chain_prices_.py
[2025-08-17 20:57:53.296941] :: path: G:\git_dump\marketdataops\web scraper\__OLD__scrape_yahoo_finance_options_chain_prices_.py
[2025-08-17 20:57:53.297003] :: directory: G:\git_dump\marketdataops\web scraper
[2025-08-17 20:57:53.297121] :: cwd: G:\git_dump\marketdataops\web scraper
[2025-08-17 20:57:54.308935] :: navigating to: https://ca.finance.yahoo.com/quote/NVDA/options/?date=1755820800&straddle=true
[2025-08-17 20:58:17.765274] :: title: NVIDIA Corporation (NVDA) Options Chain - Yahoo Finance
[2025-08-17 20:58:17.771661] :: current_url: https://ca.finance.yahoo.com/quote/NVDA/options/?date=1755820800&straddle=true
[2025-08-17 20:58:17.820235] :: div Aug 22, 2025
[2025-08-17 20:58:18.008783] :: tag_name: div text: Aug 22, 2025
[2025-08-17 20:58:18.073447] :: tag_name: div text: Aug 29, 2025
[2025-08-17 20:58:18.095208] :: tag_name: div text: Sep 5, 2025
[2025-08-17 20:58:18.115651] :: tag_name: div text: Sep 12, 2025
[2025-08-17 20:58:18.136607] :: tag_name: div text: Sep 19, 2025
[2025-08-17 20:58:18.157296] :: tag_name: div text: Sep 26, 2025
[2025-08-17 20:58:18.177826] :: tag_name: div text: Oct 17, 2025
[2025-08-17 20:58:18.198672] :: tag_name: div text: Nov 21, 2025
[2025-08-17 20:58:18.219441] :: tag_name: div text: Dec 19, 2025
[2025-08-17 20:58:18.240187] :: tag_name: div text: Jan 16, 2026
[2025-08-17 20:58:18.257141] :: tag_name: div text: Feb 20, 2026
[2025-08-17 20:58:18.278345] :: tag_name: div text: Mar 20, 2026
[2025-08-17 20:58:18.298385] :: tag_name: div text: May 15, 2026
[2025-08-17 20:58:18.318782] :: tag_name: div text: Jun 18, 2026
[2025-08-17 20:58:18.337559] :: tag_name: div text: Sep 18, 2026
[2025-08-17 20:58:18.357281] :: tag_name: div text: Dec 18, 2026
[2025-08-17 20:58:18.374859] :: tag_name: div text: Jan 15, 2027
[2025-08-17 20:58:18.395954] :: tag_name: div text: Jun 17, 2027
[2025-08-17 20:58:18.414284] :: tag_name: div text: Dec 17, 2027
[2025-08-17 20:58:18.424854] :: expirydate: Aug 22, 2025
